---------------------
args: Namespace(batch_size=64, epochs=100, learning_rate=0.03, weight_decay=0.0001, init_std=-1.0, optimizer='SGD', device=2, dataset='cifar10', model='ResNet18', data_augmentation=True)
Files already downloaded and verified
Files already downloaded and verified
Epoch 1/100
Train Loss: 2.5701 Train Acc: 0.3058
Test Loss: 1.5896 Test Acc: 0.4304
Epoch 2/100
Train Loss: 1.6554 Train Acc: 0.4192
Test Loss: 1.4140 Test Acc: 0.4910
Epoch 3/100
Train Loss: 1.4529 Train Acc: 0.4832
Test Loss: 1.2484 Test Acc: 0.5519
Epoch 4/100
Train Loss: 1.3011 Train Acc: 0.5392
Test Loss: 1.1488 Test Acc: 0.5954
Epoch 5/100
Train Loss: 1.1779 Train Acc: 0.5842
Test Loss: 1.1642 Test Acc: 0.6166
Epoch 6/100
Train Loss: 1.0742 Train Acc: 0.6211
Test Loss: 0.9867 Test Acc: 0.6574
Epoch 7/100
Train Loss: 0.9807 Train Acc: 0.6563
Test Loss: 0.9892 Test Acc: 0.6744
Epoch 8/100
Train Loss: 0.8916 Train Acc: 0.6886
Test Loss: 0.8000 Test Acc: 0.7267
Epoch 9/100
Train Loss: 0.8214 Train Acc: 0.7134
Test Loss: 0.7543 Test Acc: 0.7452
Epoch 10/100
Train Loss: 0.7529 Train Acc: 0.7373
Test Loss: 0.6787 Test Acc: 0.7625
Epoch 11/100
Train Loss: 0.6984 Train Acc: 0.7550
Test Loss: 0.6553 Test Acc: 0.7792
Epoch 12/100
Train Loss: 0.6538 Train Acc: 0.7720
Test Loss: 0.6734 Test Acc: 0.7725
Epoch 13/100
Train Loss: 0.6176 Train Acc: 0.7833
Test Loss: 0.6041 Test Acc: 0.8001
Epoch 14/100
Train Loss: 0.5822 Train Acc: 0.7971
Test Loss: 0.5816 Test Acc: 0.7999
Epoch 15/100
Train Loss: 0.5502 Train Acc: 0.8094
Test Loss: 0.5337 Test Acc: 0.8220
Epoch 16/100
Train Loss: 0.5282 Train Acc: 0.8143
Test Loss: 0.4959 Test Acc: 0.8340
Epoch 17/100
Train Loss: 0.5002 Train Acc: 0.8255
Test Loss: 0.4765 Test Acc: 0.8397
Epoch 18/100
Train Loss: 0.4788 Train Acc: 0.8316
Test Loss: 0.5158 Test Acc: 0.8292
Epoch 19/100
Train Loss: 0.4506 Train Acc: 0.8427
Test Loss: 0.5241 Test Acc: 0.8279
Epoch 20/100
Train Loss: 0.4369 Train Acc: 0.8456
Test Loss: 0.4253 Test Acc: 0.8555
Epoch 21/100
Train Loss: 0.4164 Train Acc: 0.8534
Test Loss: 0.4676 Test Acc: 0.8452
Epoch 22/100
Train Loss: 0.4055 Train Acc: 0.8585
Test Loss: 0.4062 Test Acc: 0.8601
Epoch 23/100
Train Loss: 0.3810 Train Acc: 0.8649
Test Loss: 0.4159 Test Acc: 0.8625
Epoch 24/100
Train Loss: 0.3734 Train Acc: 0.8685
Test Loss: 0.4184 Test Acc: 0.8653
Epoch 25/100
Train Loss: 0.3567 Train Acc: 0.8736
Test Loss: 0.4146 Test Acc: 0.8636
Epoch 26/100
Train Loss: 0.3473 Train Acc: 0.8786
Test Loss: 0.4031 Test Acc: 0.8663
Epoch 27/100
Train Loss: 0.3356 Train Acc: 0.8828
Test Loss: 0.3981 Test Acc: 0.8700
Epoch 28/100
Train Loss: 0.3181 Train Acc: 0.8867
Test Loss: 0.3796 Test Acc: 0.8727
Epoch 29/100
Train Loss: 0.3049 Train Acc: 0.8937
Test Loss: 0.3740 Test Acc: 0.8779
Epoch 30/100
Train Loss: 0.3066 Train Acc: 0.8931
Test Loss: 0.3830 Test Acc: 0.8728
Epoch 31/100
Train Loss: 0.2907 Train Acc: 0.8965
Test Loss: 0.3837 Test Acc: 0.8773
Epoch 32/100
Train Loss: 0.2846 Train Acc: 0.9001
Test Loss: 0.3837 Test Acc: 0.8751
Epoch 33/100
Train Loss: 0.2746 Train Acc: 0.9028
Test Loss: 0.3606 Test Acc: 0.8843
Epoch 34/100
Train Loss: 0.2723 Train Acc: 0.9047
Test Loss: 0.3759 Test Acc: 0.8817
Epoch 35/100
Train Loss: 0.2648 Train Acc: 0.9061
Test Loss: 0.3752 Test Acc: 0.8828
Epoch 36/100
Train Loss: 0.2609 Train Acc: 0.9083
Test Loss: 0.3686 Test Acc: 0.8844
Epoch 37/100
Train Loss: 0.2479 Train Acc: 0.9127
Test Loss: 0.4315 Test Acc: 0.8681
Epoch 38/100
Train Loss: 0.2482 Train Acc: 0.9123
Test Loss: 0.3714 Test Acc: 0.8818
Epoch 39/100
Train Loss: 0.2382 Train Acc: 0.9162
Test Loss: 0.3668 Test Acc: 0.8817
Epoch 40/100
