---------------------
args: Namespace(batch_size=64, epochs=100, learning_rate=0.03, weight_decay=0.0001, init_std=-1.0, optimizer='SGD', device=2, dataset='cifar10', model='ResNet18', data_augmentation=False)
Files already downloaded and verified
Files already downloaded and verified
Epoch 1/100
Train Loss: 2.4614 Train Acc: 0.3465
Test Loss: 1.6744 Test Acc: 0.4336
Epoch 2/100
Train Loss: 1.4298 Train Acc: 0.4850
Test Loss: 1.3071 Test Acc: 0.5163
Epoch 3/100
Train Loss: 1.2041 Train Acc: 0.5675
Test Loss: 1.0885 Test Acc: 0.6085
Epoch 4/100
Train Loss: 1.0179 Train Acc: 0.6368
Test Loss: 1.0085 Test Acc: 0.6430
Epoch 5/100
Train Loss: 0.8768 Train Acc: 0.6863
Test Loss: 1.0447 Test Acc: 0.6383
Epoch 6/100
Train Loss: 0.7483 Train Acc: 0.7347
Test Loss: 0.8431 Test Acc: 0.6983
Epoch 7/100
Train Loss: 0.6431 Train Acc: 0.7733
Test Loss: 0.8344 Test Acc: 0.7159
Epoch 8/100
Train Loss: 0.5433 Train Acc: 0.8081
Test Loss: 0.6813 Test Acc: 0.7660
Epoch 9/100
Train Loss: 0.4521 Train Acc: 0.8417
Test Loss: 0.7715 Test Acc: 0.7453
Epoch 10/100
Train Loss: 0.3718 Train Acc: 0.8690
Test Loss: 0.6606 Test Acc: 0.7789
Epoch 11/100
Train Loss: 0.2941 Train Acc: 0.8964
Test Loss: 0.6398 Test Acc: 0.7927
Epoch 12/100
Train Loss: 0.2335 Train Acc: 0.9169
Test Loss: 0.7524 Test Acc: 0.7757
Epoch 13/100
Train Loss: 0.1757 Train Acc: 0.9378
Test Loss: 0.7175 Test Acc: 0.7988
Epoch 14/100
Train Loss: 0.1321 Train Acc: 0.9543
Test Loss: 0.8191 Test Acc: 0.7853
Epoch 15/100
Train Loss: 0.1095 Train Acc: 0.9614
Test Loss: 0.8046 Test Acc: 0.7938
Epoch 16/100
Train Loss: 0.0827 Train Acc: 0.9710
Test Loss: 0.8246 Test Acc: 0.7927
Epoch 17/100
Train Loss: 0.0715 Train Acc: 0.9755
Test Loss: 0.8658 Test Acc: 0.7935
Epoch 18/100
Train Loss: 0.0740 Train Acc: 0.9743
Test Loss: 0.8125 Test Acc: 0.8049
Epoch 19/100
Train Loss: 0.0544 Train Acc: 0.9810
Test Loss: 0.8385 Test Acc: 0.8023
Epoch 20/100
Train Loss: 0.0471 Train Acc: 0.9845
Test Loss: 0.8782 Test Acc: 0.7998
Epoch 21/100
Train Loss: 0.0511 Train Acc: 0.9823
Test Loss: 0.8767 Test Acc: 0.8089
Epoch 22/100
Train Loss: 0.0474 Train Acc: 0.9835
Test Loss: 0.8900 Test Acc: 0.8081
Epoch 23/100
Train Loss: 0.0431 Train Acc: 0.9857
Test Loss: 0.8834 Test Acc: 0.8153
Epoch 24/100
Train Loss: 0.0384 Train Acc: 0.9868
Test Loss: 0.9057 Test Acc: 0.7995
Epoch 25/100
Train Loss: 0.0299 Train Acc: 0.9898
Test Loss: 0.9354 Test Acc: 0.8056
Epoch 26/100
Train Loss: 0.0377 Train Acc: 0.9873
Test Loss: 0.9695 Test Acc: 0.7998
Epoch 27/100
Train Loss: 0.0404 Train Acc: 0.9867
Test Loss: 0.8523 Test Acc: 0.8126
Epoch 28/100
Train Loss: 0.0348 Train Acc: 0.9882
Test Loss: 0.8685 Test Acc: 0.8121
Epoch 29/100
Train Loss: 0.0392 Train Acc: 0.9867
Test Loss: 0.9107 Test Acc: 0.8082
Epoch 30/100
Train Loss: 0.0324 Train Acc: 0.9895
Test Loss: 0.9094 Test Acc: 0.8073
Epoch 31/100
Train Loss: 0.0283 Train Acc: 0.9906
Test Loss: 0.9852 Test Acc: 0.8043
Epoch 32/100
Train Loss: 0.0287 Train Acc: 0.9907
Test Loss: 0.9384 Test Acc: 0.8061
Epoch 33/100
Train Loss: 0.0285 Train Acc: 0.9905
Test Loss: 1.0011 Test Acc: 0.8016
Epoch 34/100
Train Loss: 0.0350 Train Acc: 0.9879
Test Loss: 0.8797 Test Acc: 0.8100
Epoch 35/100
Train Loss: 0.0336 Train Acc: 0.9890
Test Loss: 0.8757 Test Acc: 0.8106
Epoch 36/100
Train Loss: 0.0293 Train Acc: 0.9903
Test Loss: 0.9499 Test Acc: 0.8076
Epoch 37/100
Train Loss: 0.0309 Train Acc: 0.9896
Test Loss: 1.0146 Test Acc: 0.7952
Epoch 38/100
Train Loss: 0.0319 Train Acc: 0.9894
Test Loss: 0.9079 Test Acc: 0.8091
Epoch 39/100
Train Loss: 0.0431 Train Acc: 0.9860
Test Loss: 0.8803 Test Acc: 0.8069
Epoch 40/100
Train Loss: 0.0384 Train Acc: 0.9874
Test Loss: 0.8734 Test Acc: 0.8106
Epoch 41/100
Train Loss: 0.0259 Train Acc: 0.9911
Test Loss: 0.9524 Test Acc: 0.8069
Epoch 42/100
Train Loss: 0.0302 Train Acc: 0.9898
Test Loss: 0.9136 Test Acc: 0.8087
Epoch 43/100
Train Loss: 0.0299 Train Acc: 0.9897
Test Loss: 0.9107 Test Acc: 0.8100
Epoch 44/100
Train Loss: 0.0279 Train Acc: 0.9909
Test Loss: 0.8982 Test Acc: 0.8098
Epoch 45/100
Train Loss: 0.0193 Train Acc: 0.9938
Test Loss: 0.8893 Test Acc: 0.8152
Epoch 46/100
Train Loss: 0.0324 Train Acc: 0.9893
Test Loss: 0.9637 Test Acc: 0.8059
Epoch 47/100
Train Loss: 0.0303 Train Acc: 0.9901
Test Loss: 0.8733 Test Acc: 0.8109
Epoch 48/100
Train Loss: 0.0263 Train Acc: 0.9909
Test Loss: 0.9431 Test Acc: 0.8045
Epoch 49/100
Train Loss: 0.0325 Train Acc: 0.9884
Test Loss: 0.9329 Test Acc: 0.8047
Epoch 50/100
Train Loss: 0.0414 Train Acc: 0.9857
Test Loss: 0.8976 Test Acc: 0.8060
Epoch 51/100
Train Loss: 0.0300 Train Acc: 0.9900
Test Loss: 0.9166 Test Acc: 0.8044
Epoch 52/100
Train Loss: 0.0334 Train Acc: 0.9890
Test Loss: 0.8582 Test Acc: 0.8088
Epoch 53/100
Train Loss: 0.0228 Train Acc: 0.9927
Test Loss: 0.8055 Test Acc: 0.8306
Epoch 54/100
Train Loss: 0.0155 Train Acc: 0.9951
Test Loss: 0.8670 Test Acc: 0.8212
Epoch 55/100
Train Loss: 0.0190 Train Acc: 0.9938
Test Loss: 1.0160 Test Acc: 0.8024
Epoch 56/100
Train Loss: 0.0342 Train Acc: 0.9883
Test Loss: 0.9164 Test Acc: 0.8099
Epoch 57/100
Train Loss: 0.0428 Train Acc: 0.9861
Test Loss: 0.8415 Test Acc: 0.8156
Epoch 58/100
Train Loss: 0.0467 Train Acc: 0.9840
Test Loss: 0.7988 Test Acc: 0.8212
Epoch 59/100
Train Loss: 0.0198 Train Acc: 0.9935
Test Loss: 0.8550 Test Acc: 0.8223
Epoch 60/100
Train Loss: 0.0199 Train Acc: 0.9938
Test Loss: 0.8417 Test Acc: 0.8271
Epoch 61/100
Train Loss: 0.0239 Train Acc: 0.9923
Test Loss: 0.8802 Test Acc: 0.8169
Epoch 62/100
Train Loss: 0.0277 Train Acc: 0.9908
Test Loss: 0.8795 Test Acc: 0.8070
Epoch 63/100
Train Loss: 0.0420 Train Acc: 0.9858
Test Loss: 0.8473 Test Acc: 0.8104
Epoch 64/100
Train Loss: 0.0300 Train Acc: 0.9902
Test Loss: 0.8074 Test Acc: 0.8200
Epoch 65/100
Train Loss: 0.0200 Train Acc: 0.9937
Test Loss: 0.8521 Test Acc: 0.8173
Epoch 66/100
Train Loss: 0.0375 Train Acc: 0.9872
Test Loss: 0.9042 Test Acc: 0.8125
Epoch 67/100
Train Loss: 0.0243 Train Acc: 0.9921
Test Loss: 0.8103 Test Acc: 0.8197
Epoch 68/100
Train Loss: 0.0268 Train Acc: 0.9910
Test Loss: 0.9492 Test Acc: 0.8055
Epoch 69/100
Train Loss: 0.0262 Train Acc: 0.9909
Test Loss: 0.8714 Test Acc: 0.8141
Epoch 70/100
Train Loss: 0.0267 Train Acc: 0.9913
Test Loss: 0.8997 Test Acc: 0.8135
Epoch 71/100
Train Loss: 0.0319 Train Acc: 0.9890
Test Loss: 0.8356 Test Acc: 0.8195
Epoch 72/100
Train Loss: 0.0339 Train Acc: 0.9887
Test Loss: 0.8477 Test Acc: 0.8123
Epoch 73/100
Train Loss: 0.0239 Train Acc: 0.9922
Test Loss: 0.8344 Test Acc: 0.8223
Epoch 74/100
Train Loss: 0.0226 Train Acc: 0.9923
Test Loss: 0.8228 Test Acc: 0.8235
Epoch 75/100
Train Loss: 0.0249 Train Acc: 0.9915
Test Loss: 0.8970 Test Acc: 0.8124
Epoch 76/100
Train Loss: 0.0262 Train Acc: 0.9911
Test Loss: 0.8763 Test Acc: 0.8085
Epoch 77/100
Train Loss: 0.0291 Train Acc: 0.9904
Test Loss: 0.8101 Test Acc: 0.8233
Epoch 78/100
Train Loss: 0.0354 Train Acc: 0.9881
Test Loss: 0.8301 Test Acc: 0.8218
Epoch 79/100
Train Loss: 0.0200 Train Acc: 0.9936
Test Loss: 0.7873 Test Acc: 0.8255
Epoch 80/100
Train Loss: 0.0155 Train Acc: 0.9951
Test Loss: 0.7705 Test Acc: 0.8329
Epoch 81/100
Train Loss: 0.0073 Train Acc: 0.9980
Test Loss: 0.7644 Test Acc: 0.8343
Epoch 82/100
Train Loss: 0.0032 Train Acc: 0.9992
Test Loss: 0.7655 Test Acc: 0.8388
Epoch 83/100
Train Loss: 0.0017 Train Acc: 0.9997
Test Loss: 0.7198 Test Acc: 0.8418
Epoch 84/100
Train Loss: 0.0013 Train Acc: 0.9998
Test Loss: 0.6842 Test Acc: 0.8503
Epoch 85/100
Train Loss: 0.0005 Train Acc: 1.0000
Test Loss: 0.6515 Test Acc: 0.8515
Epoch 86/100
Train Loss: 0.0004 Train Acc: 1.0000
Test Loss: 0.6353 Test Acc: 0.8535
Epoch 87/100
Train Loss: 0.0004 Train Acc: 1.0000
Test Loss: 0.6135 Test Acc: 0.8562
Epoch 88/100
Train Loss: 0.0004 Train Acc: 1.0000
Test Loss: 0.6144 Test Acc: 0.8558
Epoch 89/100
Train Loss: 0.0004 Train Acc: 1.0000
Test Loss: 0.5989 Test Acc: 0.8552
Epoch 90/100
Train Loss: 0.0003 Train Acc: 1.0000
Test Loss: 0.5769 Test Acc: 0.8580
Epoch 91/100
Train Loss: 0.0004 Train Acc: 1.0000
Test Loss: 0.5736 Test Acc: 0.8582
Epoch 92/100
Train Loss: 0.0004 Train Acc: 1.0000
Test Loss: 0.5666 Test Acc: 0.8574
Epoch 93/100
Train Loss: 0.0004 Train Acc: 1.0000
Test Loss: 0.5575 Test Acc: 0.8581
Epoch 94/100
