---------------------
args: Namespace(batch_size=64, epochs=100, learning_rate=0.03, weight_decay=0.0001, init_std=-1.0, optimizer='SGD', device=4, dataset='cifar10', model='VGG16', data_augmentation=True)
Files already downloaded and verified
Files already downloaded and verified
Epoch 1/100
Train Loss: 3.3367 Train Acc: 0.1031
Test Loss: 2.4297 Test Acc: 0.1056
Epoch 2/100
Train Loss: 2.3660 Train Acc: 0.1034
Test Loss: 2.3359 Test Acc: 0.1031
Epoch 3/100
Train Loss: 2.3085 Train Acc: 0.1068
Test Loss: 2.2980 Test Acc: 0.1047
Epoch 4/100
Train Loss: 2.2905 Train Acc: 0.1124
Test Loss: 2.2827 Test Acc: 0.1149
Epoch 5/100
Train Loss: 2.2615 Train Acc: 0.1273
Test Loss: 2.2251 Test Acc: 0.1246
Epoch 6/100
Train Loss: 2.2000 Train Acc: 0.1512
Test Loss: 2.1510 Test Acc: 0.1643
Epoch 7/100
Train Loss: 2.0040 Train Acc: 0.2040
Test Loss: 1.9032 Test Acc: 0.2350
Epoch 8/100
Train Loss: 1.9131 Train Acc: 0.2386
Test Loss: 1.8386 Test Acc: 0.2603
Epoch 9/100
Train Loss: 1.8571 Train Acc: 0.2687
Test Loss: 1.7360 Test Acc: 0.3297
Epoch 10/100
Train Loss: 1.7339 Train Acc: 0.3321
Test Loss: 1.6186 Test Acc: 0.3701
Epoch 11/100
Train Loss: 1.6166 Train Acc: 0.3841
Test Loss: 1.4443 Test Acc: 0.4606
Epoch 12/100
Train Loss: 1.5227 Train Acc: 0.4311
Test Loss: 1.5329 Test Acc: 0.4284
Epoch 13/100
Train Loss: 1.4138 Train Acc: 0.4804
Test Loss: 1.2226 Test Acc: 0.5545
Epoch 14/100
Train Loss: 1.2908 Train Acc: 0.5304
Test Loss: 1.3436 Test Acc: 0.5305
Epoch 15/100
Train Loss: 1.1945 Train Acc: 0.5695
Test Loss: 1.0842 Test Acc: 0.6047
Epoch 16/100
Train Loss: 1.1058 Train Acc: 0.6040
Test Loss: 0.9666 Test Acc: 0.6539
Epoch 17/100
Train Loss: 1.0084 Train Acc: 0.6432
Test Loss: 0.9222 Test Acc: 0.6786
Epoch 18/100
Train Loss: 0.9332 Train Acc: 0.6697
Test Loss: 0.9616 Test Acc: 0.6805
Epoch 19/100
Train Loss: 0.8874 Train Acc: 0.6898
Test Loss: 0.7627 Test Acc: 0.7419
Epoch 20/100
Train Loss: 0.8383 Train Acc: 0.7088
Test Loss: 0.7688 Test Acc: 0.7411
Epoch 21/100
Train Loss: 0.8032 Train Acc: 0.7246
Test Loss: 0.8320 Test Acc: 0.7197
Epoch 22/100
Train Loss: 0.7555 Train Acc: 0.7406
Test Loss: 0.7676 Test Acc: 0.7444
Epoch 23/100
Train Loss: 0.7339 Train Acc: 0.7497
Test Loss: 0.6911 Test Acc: 0.7707
Epoch 24/100
Train Loss: 0.6948 Train Acc: 0.7653
Test Loss: 0.6942 Test Acc: 0.7756
Epoch 25/100
Train Loss: 0.6644 Train Acc: 0.7744
Test Loss: 0.6488 Test Acc: 0.7878
Epoch 26/100
Train Loss: 0.6474 Train Acc: 0.7784
Test Loss: 0.5259 Test Acc: 0.8240
Epoch 27/100
Train Loss: 0.6164 Train Acc: 0.7911
Test Loss: 0.5311 Test Acc: 0.8233
Epoch 28/100
Train Loss: 0.6010 Train Acc: 0.7984
Test Loss: 0.5610 Test Acc: 0.8121
Epoch 29/100
Train Loss: 0.5791 Train Acc: 0.8046
Test Loss: 0.5982 Test Acc: 0.8038
Epoch 30/100
Train Loss: 0.5686 Train Acc: 0.8068
Test Loss: 0.5055 Test Acc: 0.8305
Epoch 31/100
Train Loss: 0.5486 Train Acc: 0.8137
Test Loss: 0.5077 Test Acc: 0.8298
Epoch 32/100
Train Loss: 0.5315 Train Acc: 0.8200
Test Loss: 0.4955 Test Acc: 0.8356
Epoch 33/100
Train Loss: 0.5239 Train Acc: 0.8234
Test Loss: 0.5582 Test Acc: 0.8202
Epoch 34/100
Train Loss: 0.5024 Train Acc: 0.8297
Test Loss: 0.4849 Test Acc: 0.8375
Epoch 35/100
Train Loss: 0.4895 Train Acc: 0.8342
Test Loss: 0.5466 Test Acc: 0.8287
Epoch 36/100
