---------------------
args: Namespace(batch_size=64, epochs=100, learning_rate=0.03, weight_decay=0.0001, init_std=-1.0, optimizer='SGD', device=4, dataset='cifar10', model='VGG16', data_augmentation=False)
Files already downloaded and verified
Files already downloaded and verified
Epoch 1/100
Train Loss: 3.4051 Train Acc: 0.1028
Test Loss: 2.5883 Test Acc: 0.1072
Epoch 2/100
Train Loss: 2.2701 Train Acc: 0.1449
Test Loss: 2.0424 Test Acc: 0.2098
Epoch 3/100
Train Loss: 1.9169 Train Acc: 0.2500
Test Loss: 1.8248 Test Acc: 0.2814
Epoch 4/100
Train Loss: 1.7287 Train Acc: 0.3216
Test Loss: 1.6481 Test Acc: 0.3580
Epoch 5/100
Train Loss: 1.5827 Train Acc: 0.3898
Test Loss: 1.5082 Test Acc: 0.4351
Epoch 6/100
Train Loss: 1.4102 Train Acc: 0.4715
Test Loss: 1.4580 Test Acc: 0.4684
Epoch 7/100
Train Loss: 1.2375 Train Acc: 0.5450
Test Loss: 1.1600 Test Acc: 0.5744
Epoch 8/100
Train Loss: 1.0665 Train Acc: 0.6106
Test Loss: 0.9721 Test Acc: 0.6467
Epoch 9/100
Train Loss: 0.9232 Train Acc: 0.6707
Test Loss: 0.9041 Test Acc: 0.6779
Epoch 10/100
Train Loss: 0.8211 Train Acc: 0.7089
Test Loss: 0.8663 Test Acc: 0.6933
Epoch 11/100
Train Loss: 0.7336 Train Acc: 0.7432
Test Loss: 0.7884 Test Acc: 0.7297
Epoch 12/100
Train Loss: 0.6506 Train Acc: 0.7751
Test Loss: 0.7939 Test Acc: 0.7299
Epoch 13/100
Train Loss: 0.5932 Train Acc: 0.7937
Test Loss: 0.7147 Test Acc: 0.7533
Epoch 14/100
Train Loss: 0.5308 Train Acc: 0.8170
Test Loss: 0.7431 Test Acc: 0.7544
Epoch 15/100
Train Loss: 0.4792 Train Acc: 0.8354
Test Loss: 0.7431 Test Acc: 0.7529
Epoch 16/100
Train Loss: 0.4296 Train Acc: 0.8518
Test Loss: 0.6616 Test Acc: 0.7855
Epoch 17/100
Train Loss: 0.3776 Train Acc: 0.8692
Test Loss: 0.6718 Test Acc: 0.7918
Epoch 18/100
Train Loss: 0.3326 Train Acc: 0.8850
Test Loss: 0.6853 Test Acc: 0.7909
Epoch 19/100
Train Loss: 0.2988 Train Acc: 0.8954
Test Loss: 0.6992 Test Acc: 0.7851
Epoch 20/100
Train Loss: 0.2562 Train Acc: 0.9123
Test Loss: 0.7173 Test Acc: 0.7943
Epoch 21/100
Train Loss: 0.2332 Train Acc: 0.9198
Test Loss: 0.7467 Test Acc: 0.7897
Epoch 22/100
Train Loss: 0.1962 Train Acc: 0.9326
Test Loss: 0.7188 Test Acc: 0.8019
Epoch 23/100
Train Loss: 0.1741 Train Acc: 0.9407
Test Loss: 0.8290 Test Acc: 0.7859
Epoch 24/100
Train Loss: 0.1619 Train Acc: 0.9440
Test Loss: 0.7896 Test Acc: 0.7959
Epoch 25/100
Train Loss: 0.1510 Train Acc: 0.9478
Test Loss: 0.7414 Test Acc: 0.8036
Epoch 26/100
Train Loss: 0.1267 Train Acc: 0.9562
Test Loss: 0.7522 Test Acc: 0.8074
Epoch 27/100
Train Loss: 0.1214 Train Acc: 0.9578
Test Loss: 0.8501 Test Acc: 0.7970
Epoch 28/100
Train Loss: 0.1070 Train Acc: 0.9632
Test Loss: 0.7995 Test Acc: 0.8053
Epoch 29/100
Train Loss: 0.1037 Train Acc: 0.9644
Test Loss: 0.8122 Test Acc: 0.7945
Epoch 30/100
Train Loss: 0.0998 Train Acc: 0.9657
Test Loss: 0.7920 Test Acc: 0.8094
Epoch 31/100
Train Loss: 0.0945 Train Acc: 0.9682
Test Loss: 0.8189 Test Acc: 0.8006
Epoch 32/100
Train Loss: 0.0796 Train Acc: 0.9732
Test Loss: 0.8263 Test Acc: 0.8110
Epoch 33/100
Train Loss: 0.0839 Train Acc: 0.9717
Test Loss: 0.8761 Test Acc: 0.8010
Epoch 34/100
Train Loss: 0.0747 Train Acc: 0.9750
Test Loss: 0.8643 Test Acc: 0.8056
Epoch 35/100
Train Loss: 0.0819 Train Acc: 0.9725
Test Loss: 0.8646 Test Acc: 0.7982
Epoch 36/100
Train Loss: 0.0785 Train Acc: 0.9731
Test Loss: 0.7905 Test Acc: 0.8164
Epoch 37/100
Train Loss: 0.0728 Train Acc: 0.9749
Test Loss: 0.8692 Test Acc: 0.8081
Epoch 38/100
Train Loss: 0.0685 Train Acc: 0.9772
Test Loss: 0.8691 Test Acc: 0.8110
Epoch 39/100
Train Loss: 0.0684 Train Acc: 0.9767
Test Loss: 0.8176 Test Acc: 0.8166
Epoch 40/100
Train Loss: 0.0657 Train Acc: 0.9779
Test Loss: 0.7993 Test Acc: 0.8178
Epoch 41/100
Train Loss: 0.0675 Train Acc: 0.9769
Test Loss: 0.8579 Test Acc: 0.8091
Epoch 42/100
Train Loss: 0.0623 Train Acc: 0.9790
Test Loss: 0.9011 Test Acc: 0.7964
Epoch 43/100
Train Loss: 0.0688 Train Acc: 0.9772
Test Loss: 0.8104 Test Acc: 0.8096
Epoch 44/100
Train Loss: 0.0570 Train Acc: 0.9811
Test Loss: 1.0213 Test Acc: 0.7844
Epoch 45/100
Train Loss: 0.0585 Train Acc: 0.9803
Test Loss: 0.8305 Test Acc: 0.8128
Epoch 46/100
Train Loss: 0.0590 Train Acc: 0.9802
Test Loss: 0.8276 Test Acc: 0.8151
Epoch 47/100
Train Loss: 0.0576 Train Acc: 0.9806
Test Loss: 0.8426 Test Acc: 0.8177
Epoch 48/100
Train Loss: 0.0578 Train Acc: 0.9807
Test Loss: 0.9686 Test Acc: 0.7923
Epoch 49/100
Train Loss: 0.0626 Train Acc: 0.9790
Test Loss: 0.8342 Test Acc: 0.8135
Epoch 50/100
Train Loss: 0.0600 Train Acc: 0.9803
Test Loss: 0.8217 Test Acc: 0.8085
Epoch 51/100
Train Loss: 0.0633 Train Acc: 0.9793
Test Loss: 0.8232 Test Acc: 0.8192
Epoch 52/100
Train Loss: 0.0571 Train Acc: 0.9810
Test Loss: 0.8153 Test Acc: 0.8130
Epoch 53/100
Train Loss: 0.0543 Train Acc: 0.9824
Test Loss: 0.8954 Test Acc: 0.8060
Epoch 54/100
Train Loss: 0.0594 Train Acc: 0.9805
Test Loss: 0.8178 Test Acc: 0.8185
Epoch 55/100
Train Loss: 0.0604 Train Acc: 0.9801
Test Loss: 0.9450 Test Acc: 0.7994
Epoch 56/100
Train Loss: 0.0626 Train Acc: 0.9790
Test Loss: 0.7989 Test Acc: 0.8208
Epoch 57/100
Train Loss: 0.0620 Train Acc: 0.9796
Test Loss: 0.8005 Test Acc: 0.8230
Epoch 58/100
Train Loss: 0.0531 Train Acc: 0.9821
Test Loss: 0.8084 Test Acc: 0.8203
Epoch 59/100
Train Loss: 0.0451 Train Acc: 0.9844
Test Loss: 0.8730 Test Acc: 0.8053
Epoch 60/100
Train Loss: 0.0594 Train Acc: 0.9799
Test Loss: 0.7940 Test Acc: 0.8230
Epoch 61/100
Train Loss: 0.0536 Train Acc: 0.9824
Test Loss: 0.7880 Test Acc: 0.8241
Epoch 62/100
Train Loss: 0.0497 Train Acc: 0.9840
Test Loss: 0.7836 Test Acc: 0.8280
Epoch 63/100
Train Loss: 0.0550 Train Acc: 0.9822
Test Loss: 0.7851 Test Acc: 0.8217
Epoch 64/100
Train Loss: 0.0557 Train Acc: 0.9810
Test Loss: 0.8152 Test Acc: 0.8218
Epoch 65/100
Train Loss: 0.0552 Train Acc: 0.9816
Test Loss: 0.7694 Test Acc: 0.8190
Epoch 66/100
Train Loss: 0.0502 Train Acc: 0.9834
Test Loss: 0.8426 Test Acc: 0.8134
Epoch 67/100
Train Loss: 0.0523 Train Acc: 0.9826
Test Loss: 0.7649 Test Acc: 0.8224
Epoch 68/100
Train Loss: 0.0537 Train Acc: 0.9820
Test Loss: 0.7991 Test Acc: 0.8199
Epoch 69/100
Train Loss: 0.0559 Train Acc: 0.9815
Test Loss: 0.8468 Test Acc: 0.8146
Epoch 70/100
Train Loss: 0.0530 Train Acc: 0.9822
Test Loss: 0.7991 Test Acc: 0.8180
Epoch 71/100
Train Loss: 0.0484 Train Acc: 0.9849
Test Loss: 0.7405 Test Acc: 0.8317
Epoch 72/100
Train Loss: 0.0463 Train Acc: 0.9849
Test Loss: 0.7957 Test Acc: 0.8202
Epoch 73/100
Train Loss: 0.0538 Train Acc: 0.9823
Test Loss: 0.9305 Test Acc: 0.7993
Epoch 74/100
Train Loss: 0.0526 Train Acc: 0.9822
Test Loss: 0.8130 Test Acc: 0.8219
Epoch 75/100
Train Loss: 0.0540 Train Acc: 0.9826
Test Loss: 0.7868 Test Acc: 0.8185
Epoch 76/100
Train Loss: 0.0470 Train Acc: 0.9850
Test Loss: 0.8137 Test Acc: 0.8195
Epoch 77/100
Train Loss: 0.0507 Train Acc: 0.9832
Test Loss: 0.8364 Test Acc: 0.8213
Epoch 78/100
Train Loss: 0.0533 Train Acc: 0.9822
Test Loss: 0.9244 Test Acc: 0.8034
Epoch 79/100
Train Loss: 0.0536 Train Acc: 0.9828
Test Loss: 0.7508 Test Acc: 0.8262
Epoch 80/100
Train Loss: 0.0507 Train Acc: 0.9831
Test Loss: 0.7734 Test Acc: 0.8199
Epoch 81/100
Train Loss: 0.0468 Train Acc: 0.9845
Test Loss: 0.7890 Test Acc: 0.8134
Epoch 82/100
Train Loss: 0.0499 Train Acc: 0.9835
Test Loss: 0.8154 Test Acc: 0.8221
Epoch 83/100
Train Loss: 0.0502 Train Acc: 0.9835
Test Loss: 0.8165 Test Acc: 0.8209
Epoch 84/100
Train Loss: 0.0421 Train Acc: 0.9866
Test Loss: 0.8122 Test Acc: 0.8195
Epoch 85/100
Train Loss: 0.0450 Train Acc: 0.9854
Test Loss: 0.8064 Test Acc: 0.8201
Epoch 86/100
Train Loss: 0.0493 Train Acc: 0.9840
Test Loss: 0.7223 Test Acc: 0.8324
Epoch 87/100
Train Loss: 0.0462 Train Acc: 0.9848
Test Loss: 0.7861 Test Acc: 0.8231
Epoch 88/100
Train Loss: 0.0433 Train Acc: 0.9861
Test Loss: 0.7930 Test Acc: 0.8282
Epoch 89/100
Train Loss: 0.0461 Train Acc: 0.9845
Test Loss: 0.7816 Test Acc: 0.8322
Epoch 90/100
Train Loss: 0.0494 Train Acc: 0.9838
Test Loss: 0.7791 Test Acc: 0.8216
Epoch 91/100
Train Loss: 0.0451 Train Acc: 0.9855
Test Loss: 0.7822 Test Acc: 0.8259
Epoch 92/100
Train Loss: 0.0403 Train Acc: 0.9872
Test Loss: 0.7995 Test Acc: 0.8214
Epoch 93/100
Train Loss: 0.0451 Train Acc: 0.9857
Test Loss: 0.7907 Test Acc: 0.8207
Epoch 94/100
Train Loss: 0.0456 Train Acc: 0.9853
Test Loss: 0.7289 Test Acc: 0.8305
Epoch 95/100
Train Loss: 0.0520 Train Acc: 0.9829
Test Loss: 0.7220 Test Acc: 0.8307
Epoch 96/100
Train Loss: 0.0489 Train Acc: 0.9839
Test Loss: 0.8550 Test Acc: 0.8123
Epoch 97/100
Train Loss: 0.0446 Train Acc: 0.9856
Test Loss: 0.7457 Test Acc: 0.8330
Epoch 98/100
Train Loss: 0.0453 Train Acc: 0.9854
Test Loss: 0.8368 Test Acc: 0.8112
Epoch 99/100
Train Loss: 0.0434 Train Acc: 0.9861
Test Loss: 0.8002 Test Acc: 0.8238
Epoch 100/100
Train Loss: 0.0463 Train Acc: 0.9854
Test Loss: 0.7470 Test Acc: 0.8314
---------------------
args: Namespace(batch_size=64, epochs=100, learning_rate=0.03, weight_decay=0.0001, init_std=-1.0, optimizer='SGD', device=4, dataset='cifar100', model='VGG16', data_augmentation=False)
Files already downloaded and verified
Files already downloaded and verified
Epoch 1/100
Train Loss: 5.0380 Train Acc: 0.0121
Test Loss: 4.6288 Test Acc: 0.0155
Epoch 2/100
Train Loss: 4.5675 Train Acc: 0.0140
Test Loss: 4.5615 Test Acc: 0.0155
Epoch 3/100
Train Loss: 4.5170 Train Acc: 0.0177
Test Loss: 4.4799 Test Acc: 0.0195
Epoch 4/100
Train Loss: 4.3571 Train Acc: 0.0271
Test Loss: 4.2170 Test Acc: 0.0373
Epoch 5/100
Train Loss: 4.1136 Train Acc: 0.0478
Test Loss: 4.0157 Test Acc: 0.0541
Epoch 6/100
Train Loss: 3.9238 Train Acc: 0.0726
Test Loss: 3.7692 Test Acc: 0.0991
Epoch 7/100
Train Loss: 3.6883 Train Acc: 0.1083
Test Loss: 3.5082 Test Acc: 0.1344
Epoch 8/100
