---------------------
args: Namespace(batch_size=64, epochs=100, learning_rate=0.03, weight_decay=0.0001, init_std=-1.0, optimizer='SGD', device=3, dataset='cifar10', model='VGG13', data_augmentation=False)
Files already downloaded and verified
Files already downloaded and verified
Epoch 1/100
Train Loss: 3.5663 Train Acc: 0.1062
Test Loss: 2.6150 Test Acc: 0.1064
Epoch 2/100
Train Loss: 2.2461 Train Acc: 0.1413
Test Loss: 1.9866 Test Acc: 0.1944
Epoch 3/100
Train Loss: 1.8054 Train Acc: 0.2867
Test Loss: 1.6316 Test Acc: 0.3730
Epoch 4/100
Train Loss: 1.4452 Train Acc: 0.4468
Test Loss: 1.3155 Test Acc: 0.5107
Epoch 5/100
Train Loss: 1.1752 Train Acc: 0.5670
Test Loss: 1.1541 Test Acc: 0.5731
Epoch 6/100
Train Loss: 0.9709 Train Acc: 0.6517
Test Loss: 0.9419 Test Acc: 0.6665
Epoch 7/100
Train Loss: 0.8156 Train Acc: 0.7058
Test Loss: 0.8213 Test Acc: 0.7109
Epoch 8/100
Train Loss: 0.6973 Train Acc: 0.7516
Test Loss: 0.7686 Test Acc: 0.7266
Epoch 9/100
Train Loss: 0.6061 Train Acc: 0.7876
Test Loss: 0.7279 Test Acc: 0.7544
Epoch 10/100
Train Loss: 0.5236 Train Acc: 0.8178
Test Loss: 0.7343 Test Acc: 0.7508
Epoch 11/100
Train Loss: 0.4606 Train Acc: 0.8389
Test Loss: 0.6585 Test Acc: 0.7864
Epoch 12/100
Train Loss: 0.3930 Train Acc: 0.8628
Test Loss: 0.6786 Test Acc: 0.7855
Epoch 13/100
Train Loss: 0.3389 Train Acc: 0.8821
Test Loss: 0.6279 Test Acc: 0.8069
Epoch 14/100
Train Loss: 0.2910 Train Acc: 0.8975
Test Loss: 0.6722 Test Acc: 0.7932
Epoch 15/100
Train Loss: 0.2464 Train Acc: 0.9130
Test Loss: 0.7629 Test Acc: 0.7791
Epoch 16/100
Train Loss: 0.2129 Train Acc: 0.9245
Test Loss: 0.6580 Test Acc: 0.8090
Epoch 17/100
Train Loss: 0.1801 Train Acc: 0.9365
Test Loss: 0.6586 Test Acc: 0.8142
Epoch 18/100
Train Loss: 0.1523 Train Acc: 0.9470
Test Loss: 0.6801 Test Acc: 0.8167
Epoch 19/100
Train Loss: 0.1354 Train Acc: 0.9524
Test Loss: 0.7588 Test Acc: 0.8044
Epoch 20/100
Train Loss: 0.1206 Train Acc: 0.9569
Test Loss: 0.7540 Test Acc: 0.8091
Epoch 21/100
Train Loss: 0.1061 Train Acc: 0.9628
Test Loss: 0.7124 Test Acc: 0.8185
Epoch 22/100
Train Loss: 0.0962 Train Acc: 0.9665
Test Loss: 0.8554 Test Acc: 0.8005
Epoch 23/100
Train Loss: 0.0883 Train Acc: 0.9687
Test Loss: 0.8264 Test Acc: 0.8048
Epoch 24/100
Train Loss: 0.0817 Train Acc: 0.9714
Test Loss: 0.8659 Test Acc: 0.8032
Epoch 25/100
Train Loss: 0.0801 Train Acc: 0.9717
Test Loss: 0.7569 Test Acc: 0.8253
Epoch 26/100
Train Loss: 0.0712 Train Acc: 0.9757
Test Loss: 0.7854 Test Acc: 0.8188
Epoch 27/100
Train Loss: 0.0639 Train Acc: 0.9775
Test Loss: 0.7743 Test Acc: 0.8227
Epoch 28/100
Train Loss: 0.0669 Train Acc: 0.9770
Test Loss: 0.7596 Test Acc: 0.8245
Epoch 29/100
Train Loss: 0.0626 Train Acc: 0.9785
Test Loss: 0.7748 Test Acc: 0.8232
Epoch 30/100
Train Loss: 0.0527 Train Acc: 0.9816
Test Loss: 0.7864 Test Acc: 0.8266
Epoch 31/100
Train Loss: 0.0577 Train Acc: 0.9800
Test Loss: 0.8162 Test Acc: 0.8231
Epoch 32/100
Train Loss: 0.0534 Train Acc: 0.9820
Test Loss: 0.7868 Test Acc: 0.8251
Epoch 33/100
Train Loss: 0.0546 Train Acc: 0.9809
Test Loss: 0.8730 Test Acc: 0.8101
Epoch 34/100
Train Loss: 0.0426 Train Acc: 0.9857
Test Loss: 0.8103 Test Acc: 0.8234
Epoch 35/100
Train Loss: 0.0569 Train Acc: 0.9806
Test Loss: 0.8471 Test Acc: 0.8246
Epoch 36/100
Train Loss: 0.0458 Train Acc: 0.9848
Test Loss: 0.8499 Test Acc: 0.8179
Epoch 37/100
Train Loss: 0.0549 Train Acc: 0.9820
Test Loss: 0.8203 Test Acc: 0.8211
Epoch 38/100
Train Loss: 0.0402 Train Acc: 0.9862
Test Loss: 0.7997 Test Acc: 0.8229
Epoch 39/100
Train Loss: 0.0372 Train Acc: 0.9872
Test Loss: 0.8400 Test Acc: 0.8242
Epoch 40/100
Train Loss: 0.0518 Train Acc: 0.9825
Test Loss: 0.8844 Test Acc: 0.8132
Epoch 41/100
Train Loss: 0.0530 Train Acc: 0.9817
Test Loss: 0.7413 Test Acc: 0.8315
Epoch 42/100
Train Loss: 0.0482 Train Acc: 0.9837
Test Loss: 0.7799 Test Acc: 0.8322
Epoch 43/100
Train Loss: 0.0381 Train Acc: 0.9868
Test Loss: 0.9225 Test Acc: 0.8067
Epoch 44/100
Train Loss: 0.0409 Train Acc: 0.9862
Test Loss: 0.8320 Test Acc: 0.8226
Epoch 45/100
Train Loss: 0.0476 Train Acc: 0.9841
Test Loss: 0.7866 Test Acc: 0.8351
Epoch 46/100
Train Loss: 0.0435 Train Acc: 0.9857
Test Loss: 0.9389 Test Acc: 0.8044
Epoch 47/100
Train Loss: 0.0453 Train Acc: 0.9847
Test Loss: 0.8675 Test Acc: 0.8122
Epoch 48/100
Train Loss: 0.0353 Train Acc: 0.9884
Test Loss: 0.8325 Test Acc: 0.8234
Epoch 49/100
Train Loss: 0.0449 Train Acc: 0.9849
Test Loss: 0.7311 Test Acc: 0.8390
Epoch 50/100
Train Loss: 0.0424 Train Acc: 0.9857
Test Loss: 0.7857 Test Acc: 0.8264
Epoch 51/100
Train Loss: 0.0518 Train Acc: 0.9820
Test Loss: 0.7514 Test Acc: 0.8236
Epoch 52/100
Train Loss: 0.0407 Train Acc: 0.9860
Test Loss: 0.7369 Test Acc: 0.8354
Epoch 53/100
Train Loss: 0.0368 Train Acc: 0.9874
Test Loss: 0.7310 Test Acc: 0.8361
Epoch 54/100
Train Loss: 0.0469 Train Acc: 0.9842
Test Loss: 0.7363 Test Acc: 0.8293
Epoch 55/100
Train Loss: 0.0339 Train Acc: 0.9889
Test Loss: 0.7943 Test Acc: 0.8321
Epoch 56/100
Train Loss: 0.0412 Train Acc: 0.9861
Test Loss: 0.9795 Test Acc: 0.7920
Epoch 57/100
Train Loss: 0.0408 Train Acc: 0.9861
Test Loss: 0.8206 Test Acc: 0.8133
Epoch 58/100
Train Loss: 0.0413 Train Acc: 0.9860
Test Loss: 0.8101 Test Acc: 0.8284
Epoch 59/100
Train Loss: 0.0412 Train Acc: 0.9859
Test Loss: 0.7700 Test Acc: 0.8330
Epoch 60/100
Train Loss: 0.0322 Train Acc: 0.9891
Test Loss: 0.8720 Test Acc: 0.8107
Epoch 61/100
Train Loss: 0.0437 Train Acc: 0.9855
Test Loss: 0.7644 Test Acc: 0.8356
Epoch 62/100
Train Loss: 0.0399 Train Acc: 0.9864
Test Loss: 0.8343 Test Acc: 0.8254
Epoch 63/100
Train Loss: 0.0332 Train Acc: 0.9890
Test Loss: 0.7470 Test Acc: 0.8358
Epoch 64/100
Train Loss: 0.0355 Train Acc: 0.9878
Test Loss: 0.8388 Test Acc: 0.8305
Epoch 65/100
Train Loss: 0.0462 Train Acc: 0.9841
Test Loss: 0.8119 Test Acc: 0.8150
Epoch 66/100
Train Loss: 0.0487 Train Acc: 0.9835
Test Loss: 0.7085 Test Acc: 0.8330
Epoch 67/100
Train Loss: 0.0305 Train Acc: 0.9901
Test Loss: 0.8060 Test Acc: 0.8307
Epoch 68/100
Train Loss: 0.0449 Train Acc: 0.9846
Test Loss: 0.7874 Test Acc: 0.8199
Epoch 69/100
Train Loss: 0.0358 Train Acc: 0.9877
Test Loss: 0.8512 Test Acc: 0.8279
Epoch 70/100
Train Loss: 0.0441 Train Acc: 0.9859
Test Loss: 0.7161 Test Acc: 0.8309
Epoch 71/100
Train Loss: 0.0299 Train Acc: 0.9900
Test Loss: 0.9004 Test Acc: 0.8115
Epoch 72/100
Train Loss: 0.0334 Train Acc: 0.9893
Test Loss: 0.8931 Test Acc: 0.8108
Epoch 73/100
Train Loss: 0.0420 Train Acc: 0.9863
Test Loss: 0.7541 Test Acc: 0.8330
Epoch 74/100
Train Loss: 0.0359 Train Acc: 0.9879
Test Loss: 0.8192 Test Acc: 0.8167
Epoch 75/100
Train Loss: 0.0367 Train Acc: 0.9879
Test Loss: 0.7415 Test Acc: 0.8355
Epoch 76/100
Train Loss: 0.0399 Train Acc: 0.9869
Test Loss: 0.7189 Test Acc: 0.8372
Epoch 77/100
Train Loss: 0.0296 Train Acc: 0.9900
Test Loss: 0.7868 Test Acc: 0.8339
Epoch 78/100
Train Loss: 0.0376 Train Acc: 0.9877
Test Loss: 0.7986 Test Acc: 0.8300
Epoch 79/100
Train Loss: 0.0322 Train Acc: 0.9892
Test Loss: 0.9167 Test Acc: 0.8128
Epoch 80/100
Train Loss: 0.0354 Train Acc: 0.9887
Test Loss: 0.7975 Test Acc: 0.8219
Epoch 81/100
Train Loss: 0.0425 Train Acc: 0.9858
Test Loss: 0.7720 Test Acc: 0.8352
Epoch 82/100
Train Loss: 0.0340 Train Acc: 0.9892
Test Loss: 0.6939 Test Acc: 0.8428
Epoch 83/100
Train Loss: 0.0381 Train Acc: 0.9871
Test Loss: 0.7043 Test Acc: 0.8410
Epoch 84/100
Train Loss: 0.0315 Train Acc: 0.9894
Test Loss: 0.7472 Test Acc: 0.8363
Epoch 85/100
Train Loss: 0.0405 Train Acc: 0.9864
Test Loss: 0.7765 Test Acc: 0.8300
Epoch 86/100
Train Loss: 0.0294 Train Acc: 0.9904
Test Loss: 0.8428 Test Acc: 0.8244
Epoch 87/100
Train Loss: 0.0358 Train Acc: 0.9878
Test Loss: 0.7264 Test Acc: 0.8379
Epoch 88/100
Train Loss: 0.0384 Train Acc: 0.9869
Test Loss: 0.7218 Test Acc: 0.8369
Epoch 89/100
Train Loss: 0.0283 Train Acc: 0.9906
Test Loss: 0.8690 Test Acc: 0.8231
Epoch 90/100
Train Loss: 0.0472 Train Acc: 0.9838
Test Loss: 0.7036 Test Acc: 0.8381
Epoch 91/100
Train Loss: 0.0281 Train Acc: 0.9905
Test Loss: 0.7949 Test Acc: 0.8307
Epoch 92/100
Train Loss: 0.0369 Train Acc: 0.9878
Test Loss: 0.7673 Test Acc: 0.8298
Epoch 93/100
Train Loss: 0.0279 Train Acc: 0.9907
Test Loss: 0.8180 Test Acc: 0.8329
Epoch 94/100
Train Loss: 0.0383 Train Acc: 0.9873
Test Loss: 0.7981 Test Acc: 0.8274
Epoch 95/100
Train Loss: 0.0366 Train Acc: 0.9877
Test Loss: 0.7900 Test Acc: 0.8269
Epoch 96/100
Train Loss: 0.0318 Train Acc: 0.9896
Test Loss: 0.7274 Test Acc: 0.8410
Epoch 97/100
Train Loss: 0.0312 Train Acc: 0.9897
Test Loss: 0.7230 Test Acc: 0.8369
Epoch 98/100
Train Loss: 0.0311 Train Acc: 0.9896
Test Loss: 0.7860 Test Acc: 0.8249
Epoch 99/100
Train Loss: 0.0335 Train Acc: 0.9890
Test Loss: 0.7478 Test Acc: 0.8351
Epoch 100/100
Train Loss: 0.0362 Train Acc: 0.9871
Test Loss: 0.7020 Test Acc: 0.8434
---------------------
args: Namespace(batch_size=64, epochs=100, learning_rate=0.03, weight_decay=0.0001, init_std=-1.0, optimizer='SGD', device=3, dataset='cifar100', model='VGG13', data_augmentation=False)
Files already downloaded and verified
Files already downloaded and verified
Epoch 1/100
Train Loss: 4.9800 Train Acc: 0.0140
Test Loss: 4.5838 Test Acc: 0.0159
Epoch 2/100
Train Loss: 4.5410 Train Acc: 0.0171
Test Loss: 4.5120 Test Acc: 0.0191
Epoch 3/100
Train Loss: 4.3756 Train Acc: 0.0284
Test Loss: 4.2051 Test Acc: 0.0415
Epoch 4/100
Train Loss: 3.9936 Train Acc: 0.0670
Test Loss: 3.7961 Test Acc: 0.0980
Epoch 5/100
Train Loss: 3.5773 Train Acc: 0.1369
Test Loss: 3.2646 Test Acc: 0.1876
Epoch 6/100
Train Loss: 3.0277 Train Acc: 0.2374
Test Loss: 2.8610 Test Acc: 0.2748
Epoch 7/100
Train Loss: 2.5614 Train Acc: 0.3324
Test Loss: 2.5069 Test Acc: 0.3524
Epoch 8/100
Train Loss: 2.1589 Train Acc: 0.4179
Test Loss: 2.2122 Test Acc: 0.4065
Epoch 9/100
Train Loss: 1.8397 Train Acc: 0.4908
Test Loss: 2.0066 Test Acc: 0.4539
Epoch 10/100
